<?xml version="1.0" encoding="UTF-8"?>
<!-- Generated by org.testng.reporters.JUnitReportReporter -->
<testsuite hostname="Punams-MacBook-Air.local" failures="0" tests="1" name="E2EAmazon_Project.homePageTest" time="15.652" errors="0" timestamp="2020-10-08T13:38:46 CEST" skipped="0">
  <testcase classname="E2EAmazon_Project.homePageTest" name="addProducttoacart" time="15.652"/>
  <system-out/>
</testsuite> <!-- E2EAmazon_Project.homePageTest -->
