<?xml version="1.0" encoding="UTF-8"?>
<!-- Generated by org.testng.reporters.JUnitReportReporter -->
<testsuite hostname="Punams-MacBook-Air.local" failures="0" tests="1" name="E2EAmazon_Project.AppTest" time="0.006" errors="0" timestamp="2020-10-08T11:45:24 CEST" skipped="0">
  <testcase classname="E2EAmazon_Project.AppTest" name="shouldAnswerWithTrue" time="0.006"/>
  <system-out/>
</testsuite> <!-- E2EAmazon_Project.AppTest -->
